[2026-05-22 20:00:00] === Daily update starting ===
[权限校验] 正在检查组织架构权限...
[权限校验] ✅ 权限校验通过
[cli_logger][DEBUG] 上报成功: 200 mis=pujunjie cmd='kdata standard query --dataset 60041382 --measures open_shop'
[2026-05-22 20:00:13] Trend pulled
[权限校验] 正在检查组织架构权限...
[权限校验] ✅ 权限校验通过
[cli_logger][DEBUG] 上报成功: 200 mis=pujunjie cmd='kdata standard query --dataset 60041382 --measures open_shop'
[2026-05-22 20:00:27] MTD pulled
[2026-05-22 20:00:27] Parsed and saved. Pushing to GitHub...
To https://github.com/JadenPu/keeta-bd-hq.git
   ff9401e..2eb4989  main -> main
[2026-05-22 20:00:29] === Done ===
[2026-05-22 20:05:00] === Merchant list update starting ===
[2026-05-22 20:05:00] Getting download link from Dashboard...
[2026-05-22 20:06:04] === Merchant list update starting ===
[2026-05-22 20:06:04] Getting download link from Dashboard...
[2026-05-22 20:07:06] === Merchant list update starting ===
[2026-05-22 20:07:06] Getting download link from Dashboard...
[2026-05-22 20:08:07] === Merchant list update starting ===
[2026-05-22 20:08:07] Getting download link from Dashboard...
[2026-05-22 20:09:10] === Merchant list update starting ===
[2026-05-22 20:09:10] Getting download link from Dashboard...
[2026-05-22 20:10:12] === Merchant list update starting ===
[2026-05-22 20:10:12] Getting download link from Dashboard...
[2026-05-22 20:11:14] === Merchant list update starting ===
[2026-05-22 20:11:14] Getting download link from Dashboard...
[2026-05-22 20:12:17] === Merchant list update starting ===
[2026-05-22 20:12:17] Getting download link from Dashboard...
[2026-05-22 20:13:20] === Merchant list update starting ===
[2026-05-22 20:13:20] Getting download link from Dashboard...
[2026-05-22 20:14:22] === Merchant list update starting ===
[2026-05-22 20:14:22] Getting download link from Dashboard...
[2026-05-22 20:15:25] === Merchant list update starting ===
[2026-05-22 20:15:25] Getting download link from Dashboard...
[2026-05-22 20:16:28] === Merchant list update starting ===
[2026-05-22 20:16:28] Getting download link from Dashboard...
[2026-05-22 20:17:31] === Merchant list update starting ===
[2026-05-22 20:17:31] Getting download link from Dashboard...
[2026-05-22 20:18:34] === Merchant list update starting ===
[2026-05-22 20:18:34] Getting download link from Dashboard...
[2026-05-22 20:19:36] === Merchant list update starting ===
[2026-05-22 20:19:36] Getting download link from Dashboard...
[2026-05-22 20:20:39] === Merchant list update starting ===
[2026-05-22 20:20:39] Getting download link from Dashboard...
[2026-05-22 20:21:43] === Merchant list update starting ===
[2026-05-22 20:21:43] Getting download link from Dashboard...
[2026-05-22 20:22:47] === Merchant list update starting ===
[2026-05-22 20:22:47] Getting download link from Dashboard...
[2026-05-22 20:23:51] === Merchant list update starting ===
[2026-05-22 20:23:51] Getting download link from Dashboard...
[2026-05-22 20:24:55] === Merchant list update starting ===
[2026-05-22 20:24:55] Getting download link from Dashboard...
[2026-05-22 20:25:58] === Merchant list update starting ===
[2026-05-22 20:25:58] Getting download link from Dashboard...
[2026-05-22 20:27:01] === Merchant list update starting ===
[2026-05-22 20:27:01] Getting download link from Dashboard...
[2026-05-22 20:31:41] === Merchant list update starting ===
[2026-05-22 20:31:41] Getting download link from Dashboard...
[2026-05-23 20:00:00] === Daily update starting ===
[权限校验] 正在检查组织架构权限...
[权限校验] ✅ 权限校验通过
[cli_logger][DEBUG] 上报成功: 200 mis=pujunjie cmd='kdata standard query --dataset 60041382 --measures open_shop'
[2026-05-23 20:00:13] Trend pulled
[权限校验] 正在检查组织架构权限...
[权限校验] ✅ 权限校验通过
[cli_logger][DEBUG] 上报成功: 200 mis=pujunjie cmd='kdata standard query --dataset 60041382 --measures open_shop'
[2026-05-23 20:00:26] MTD pulled
[2026-05-23 20:00:26] Parsed and saved. Pushing to GitHub...
To https://github.com/JadenPu/keeta-bd-hq.git
   2eb4989..a0c9a75  main -> main
[2026-05-23 20:00:28] === Done ===
[2026-05-23 20:05:00] === Merchant list update starting ===
[2026-05-23 20:05:00] Getting download link from Dashboard...
[2026-05-23 20:06:02] === Merchant list update starting ===
[2026-05-23 20:06:02] Getting download link from Dashboard...
[2026-05-23 20:07:03] === Merchant list update starting ===
[2026-05-23 20:07:03] Getting download link from Dashboard...
[2026-05-23 20:08:07] === Merchant list update starting ===
[2026-05-23 20:08:07] Getting download link from Dashboard...
[2026-05-23 20:09:14] === Merchant list update starting ===
[2026-05-23 20:09:14] Getting download link from Dashboard...
[2026-05-23 20:10:17] === Merchant list update starting ===
[2026-05-23 20:10:17] Getting download link from Dashboard...
[2026-05-23 20:11:20] === Merchant list update starting ===
[2026-05-23 20:11:20] Getting download link from Dashboard...
[2026-05-23 20:12:33] === Merchant list update starting ===
[2026-05-23 20:12:33] Getting download link from Dashboard...
[2026-05-23 20:13:38] === Merchant list update starting ===
[2026-05-23 20:13:38] Getting download link from Dashboard...
[2026-05-23 20:14:40] === Merchant list update starting ===
[2026-05-23 20:14:40] Getting download link from Dashboard...
[2026-05-23 20:15:46] === Merchant list update starting ===
[2026-05-23 20:15:46] Getting download link from Dashboard...
[2026-05-23 20:16:48] === Merchant list update starting ===
[2026-05-23 20:16:48] Getting download link from Dashboard...
[2026-05-23 20:17:52] === Merchant list update starting ===
[2026-05-23 20:17:52] Getting download link from Dashboard...
[2026-05-24 20:00:25] === Daily update starting ===
/root/.openclaw/workspace/keeta-bd-hq/update_data.sh: line 20: kdata: command not found
[2026-05-24 20:05:16] === Merchant list update starting ===
[2026-05-24 20:05:16] Getting download link from Dashboard...
